2016-07-05 19:12:05 Workerman[start.php] start in DAEMON mode
2016-07-05 19:18:22 Workerman[start.php] stop 
2016-07-05 19:18:22 Workerman[start.php] is stoping ...
2016-07-05 19:18:22 Workerman[start.php] Stopping ...
2016-07-05 19:18:22 Workerman[start.php] has been stopped
2016-07-05 19:18:22 Workerman[start.php] stop success
2016-07-05 19:18:25 Workerman[start.php] start in DAEMON mode
2016-07-05 22:17:54 Workerman[start.php] stop 
2016-07-05 22:17:54 Workerman[start.php] is stoping ...
2016-07-05 22:17:54 Workerman[start.php] Stopping ...
2016-07-05 22:17:54 Workerman[start.php] has been stopped
2016-07-05 22:17:54 Workerman[start.php] stop success
2016-07-05 22:17:58 Workerman[start.php] start in DAEMON mode
2016-07-05 22:21:14 Workerman[start.php] stop 
2016-07-05 22:21:14 Workerman[start.php] is stoping ...
2016-07-05 22:21:14 Workerman[start.php] Stopping ...
2016-07-05 22:21:14 Workerman[start.php] has been stopped
2016-07-05 22:21:14 Workerman[start.php] stop success
2016-07-05 22:21:22 Workerman[start.php] start in DAEMON mode
2016-07-05 22:25:54 Workerman[start.php] stop 
2016-07-05 22:25:54 Workerman[start.php] is stoping ...
2016-07-05 22:25:54 Workerman[start.php] Stopping ...
2016-07-05 22:25:54 Workerman[start.php] has been stopped
2016-07-05 22:25:54 Workerman[start.php] stop success
2016-07-05 22:25:55 Workerman[start.php] start in DAEMON mode
2016-07-05 22:26:28 Workerman[start.php] stop 
2016-07-05 22:26:28 Workerman[start.php] is stoping ...
2016-07-05 22:26:28 Workerman[start.php] Stopping ...
2016-07-05 22:26:28 Workerman[start.php] has been stopped
2016-07-05 22:26:28 Workerman[start.php] stop success
2016-07-05 22:26:30 Workerman[start.php] start in DAEMON mode
2016-07-05 22:27:22 Workerman[start.php] stop 
2016-07-05 22:27:22 Workerman[start.php] is stoping ...
2016-07-05 22:27:22 Workerman[start.php] Stopping ...
2016-07-05 22:27:22 Workerman[start.php] has been stopped
2016-07-05 22:27:22 Workerman[start.php] stop success
2016-07-05 22:27:24 Workerman[start.php] start in DAEMON mode
2016-07-05 22:28:38 Workerman[start.php] stop 
2016-07-05 22:28:38 Workerman[start.php] is stoping ...
2016-07-05 22:28:38 Workerman[start.php] Stopping ...
2016-07-05 22:28:38 Workerman[start.php] has been stopped
2016-07-05 22:28:38 Workerman[start.php] stop success
2016-07-05 22:28:39 Workerman[start.php] start in DAEMON mode
2016-07-05 22:32:28 Workerman[start.php] stop 
2016-07-05 22:32:28 Workerman[start.php] is stoping ...
2016-07-05 22:32:28 Workerman[start.php] Stopping ...
2016-07-05 22:32:28 Workerman[start.php] has been stopped
2016-07-05 22:32:28 Workerman[start.php] stop success
2016-07-05 22:32:29 Workerman[start.php] start in DAEMON mode
2016-07-05 22:44:27 Workerman[start.php] stop 
2016-07-05 22:44:27 Workerman[start.php] is stoping ...
2016-07-05 22:44:27 Workerman[start.php] Stopping ...
2016-07-05 22:44:27 Workerman[start.php] has been stopped
2016-07-05 22:44:27 Workerman[start.php] stop success
2016-07-05 22:53:18 Workerman[start.php] start in DAEMON mode
2016-07-05 23:00:01 Workerman[start.php] stop 
2016-07-05 23:00:01 Workerman[start.php] is stoping ...
2016-07-05 23:00:01 Workerman[start.php] Stopping ...
2016-07-05 23:00:01 Workerman[start.php] has been stopped
2016-07-05 23:00:01 Workerman[start.php] stop success
2016-07-05 23:00:02 Workerman[start.php] start in DAEMON mode
2016-07-05 23:29:46 Workerman[start.php] start in DAEMON mode
